Build started 2013-04-09 11:18:18.
     1>Project "C:\Users\Johanna\Dropbox\Zelda Puzzle Game\Code\Project\PuzzleGame\PuzzleGame.vcxproj" on node 2 (build target(s)).
     1>InitializeBuildStatus:
         Creating "Release\PuzzleGame.unsuccessfulbuild" because "AlwaysCreate" was specified.
       ClCompile:
         c:\Program Files (x86)\Microsoft Visual Studio 10.0\VC\bin\CL.exe /c /Zi /nologo /W3 /WX- /O2 /Oi /Oy- /GL /D _MBCS /Gm- /EHsc /MD /GS /Gy /fp:precise /Zc:wchar_t /Zc:forScope /Fo"Release\\" /Fd"Release\vc100.pdb" /Gd /TP /analyze- /errorReport:prompt main.cpp
         main.cpp
       Link:
         c:\Program Files (x86)\Microsoft Visual Studio 10.0\VC\bin\link.exe /ERRORREPORT:PROMPT /OUT:"C:\Users\Johanna\Dropbox\Zelda Puzzle Game\Code\Project\PuzzleGame\Release\PuzzleGame.exe" /NOLOGO "sfml-graphics.lib" "sfml-audio.lib" "sfml-system.lib" "sfml-window.lib" "sfml-network.lib" kernel32.lib user32.lib gdi32.lib winspool.lib comdlg32.lib advapi32.lib shell32.lib ole32.lib oleaut32.lib uuid.lib odbc32.lib odbccp32.lib /MANIFEST /ManifestFile:"Release\PuzzleGame.exe.intermediate.manifest" /MANIFESTUAC:"level='asInvoker' uiAccess='false'" /DEBUG /PDB:"C:\Users\Johanna\Dropbox\Zelda Puzzle Game\Code\Project\PuzzleGame\Release\PuzzleGame.pdb" /OPT:REF /OPT:ICF /LTCG /TLBID:1 /DYNAMICBASE /NXCOMPAT /IMPLIB:"C:\Users\Johanna\Dropbox\Zelda Puzzle Game\Code\Project\PuzzleGame\Release\PuzzleGame.lib" /MACHINE:X86 Release\main.obj
         Generating code
         Finished generating code
         PuzzleGame.vcxproj -> C:\Users\Johanna\Dropbox\Zelda Puzzle Game\Code\Project\PuzzleGame\Release\PuzzleGame.exe
       Manifest:
         C:\Program Files (x86)\Microsoft SDKs\Windows\v7.0A\bin\mt.exe /nologo /verbose /outputresource:"C:\Users\Johanna\Dropbox\Zelda Puzzle Game\Code\Project\PuzzleGame\Release\PuzzleGame.exe;#1" /manifest Release\PuzzleGame.exe.intermediate.manifest
       FinalizeBuildStatus:
         Deleting file "Release\PuzzleGame.unsuccessfulbuild".
         Touching "Release\PuzzleGame.lastbuildstate".
     1>Done Building Project "C:\Users\Johanna\Dropbox\Zelda Puzzle Game\Code\Project\PuzzleGame\PuzzleGame.vcxproj" (build target(s)).

Build succeeded.

Time Elapsed 00:00:01.08
